# JRE version: Java(TM) SE Runtime Environment (8.0_101-b13) (build 1.8.0_101-b13)
# Java VM: Java HotSpot(TM) 64-Bit Server VM (25.101-b13 mixed mode linux-amd64 compressed oops)
Heap:
 PSYoungGen      total 68608K, used 68608K [0x00000000d6b00000, 0x00000000db300000, 0x0000000100000000)
  eden space 63488K, 100% used [0x00000000d6b00000,0x00000000da900000,0x00000000da900000)
  from space 5120K, 100% used [0x00000000dae00000,0x00000000db300000,0x00000000db300000)
  to   space 5120K, 99% used [0x00000000da900000,0x00000000dadfd310,0x00000000dae00000)
 ParOldGen       total 84992K, used 41758K [0x0000000084000000, 0x0000000089300000, 0x00000000d6b00000)
  object space 84992K, 49% used [0x0000000084000000,0x00000000868c78d0,0x0000000089300000)
 Metaspace       used 16473K, capacity 16694K, committed 16896K, reserved 1064960K
  class space    used 1938K, capacity 2025K, committed 2048K, reserved 1048576K
GC Heap History (9 events):
Event: 0,862 GC heap before
{Heap before GC invocations=1 (full 0):
 PSYoungGen      total 36864K, used 31744K [0x00000000d6b00000, 0x00000000d9400000, 0x0000000100000000)
  eden space 31744K, 100% used [0x00000000d6b00000,0x00000000d8a00000,0x00000000d8a00000)
  from space 5120K, 0% used [0x00000000d8f00000,0x00000000d8f00000,0x00000000d9400000)
  to   space 5120K, 0% used [0x00000000d8a00000,0x00000000d8a00000,0x00000000d8f00000)
 ParOldGen       total 84992K, used 0K [0x0000000084000000, 0x0000000089300000, 0x00000000d6b00000)
  object space 84992K, 0% used [0x0000000084000000,0x0000000084000000,0x0000000089300000)
 Metaspace       used 12716K, capacity 12870K, committed 13184K, reserved 1060864K
  class space    used 1484K, capacity 1543K, committed 1664K, reserved 1048576K
Event: 0,870 GC heap after
Heap after GC invocations=1 (full 0):
 PSYoungGen      total 36864K, used 4901K [0x00000000d6b00000, 0x00000000d9400000, 0x0000000100000000)
  eden space 31744K, 0% used [0x00000000d6b00000,0x00000000d6b00000,0x00000000d8a00000)
  from space 5120K, 95% used [0x00000000d8a00000,0x00000000d8ec9688,0x00000000d8f00000)
  to   space 5120K, 0% used [0x00000000d8f00000,0x00000000d8f00000,0x00000000d9400000)
 ParOldGen       total 84992K, used 476K [0x0000000084000000, 0x0000000089300000, 0x00000000d6b00000)
  object space 84992K, 0% used [0x0000000084000000,0x0000000084077310,0x0000000089300000)
 Metaspace       used 12716K, capacity 12870K, committed 13184K, reserved 1060864K
  class space    used 1484K, capacity 1543K, committed 1664K, reserved 1048576K
}
Event: 1,167 GC heap before
{Heap before GC invocations=2 (full 0):
 PSYoungGen      total 36864K, used 36645K [0x00000000d6b00000, 0x00000000d9400000, 0x0000000100000000)
  eden space 31744K, 100% used [0x00000000d6b00000,0x00000000d8a00000,0x00000000d8a00000)
  from space 5120K, 95% used [0x00000000d8a00000,0x00000000d8ec9688,0x00000000d8f00000)
  to   space 5120K, 0% used [0x00000000d8f00000,0x00000000d8f00000,0x00000000d9400000)
 ParOldGen       total 84992K, used 476K [0x0000000084000000, 0x0000000089300000, 0x00000000d6b00000)
  object space 84992K, 0% used [0x0000000084000000,0x0000000084077310,0x0000000089300000)
 Metaspace       used 13043K, capacity 13318K, committed 13440K, reserved 1060864K
  class space    used 1504K, capacity 1607K, committed 1664K, reserved 1048576K
Event: 1,173 GC heap after
Heap after GC invocations=2 (full 0):
 PSYoungGen      total 36864K, used 5090K [0x00000000d6b00000, 0x00000000db300000, 0x0000000100000000)
  eden space 31744K, 0% used [0x00000000d6b00000,0x00000000d6b00000,0x00000000d8a00000)
  from space 5120K, 99% used [0x00000000d8f00000,0x00000000d93f8830,0x00000000d9400000)
  to   space 5120K, 0% used [0x00000000d8a00000,0x00000000d8a00000,0x00000000d8f00000)
 ParOldGen       total 84992K, used 3113K [0x0000000084000000, 0x0000000089300000, 0x00000000d6b00000)
  object space 84992K, 3% used [0x0000000084000000,0x000000008430a620,0x0000000089300000)
 Metaspace       used 13043K, capacity 13318K, committed 13440K, reserved 1060864K
  class space    used 1504K, capacity 1607K, committed 1664K, reserved 1048576K
}
Event: 1,920 GC heap before
{Heap before GC invocations=3 (full 0):
 PSYoungGen      total 36864K, used 36834K [0x00000000d6b00000, 0x00000000db300000, 0x0000000100000000)
  eden space 31744K, 100% used [0x00000000d6b00000,0x00000000d8a00000,0x00000000d8a00000)
  from space 5120K, 99% used [0x00000000d8f00000,0x00000000d93f8830,0x00000000d9400000)
  to   space 5120K, 0% used [0x00000000d8a00000,0x00000000d8a00000,0x00000000d8f00000)
 ParOldGen       total 84992K, used 3113K [0x0000000084000000, 0x0000000089300000, 0x00000000d6b00000)
  object space 84992K, 3% used [0x0000000084000000,0x000000008430a620,0x0000000089300000)
 Metaspace       used 13827K, capacity 14032K, committed 14336K, reserved 1062912K
  class space    used 1594K, capacity 1672K, committed 1792K, reserved 1048576K
Event: 1,926 GC heap after
Heap after GC invocations=3 (full 0):
 PSYoungGen      total 36864K, used 5088K [0x00000000d6b00000, 0x00000000db300000, 0x0000000100000000)
  eden space 31744K, 0% used [0x00000000d6b00000,0x00000000d6b00000,0x00000000d8a00000)
  from space 5120K, 99% used [0x00000000d8a00000,0x00000000d8ef8020,0x00000000d8f00000)
  to   space 5120K, 0% used [0x00000000dae00000,0x00000000dae00000,0x00000000db300000)
 ParOldGen       total 84992K, used 7306K [0x0000000084000000, 0x0000000089300000, 0x00000000d6b00000)
  object space 84992K, 8% used [0x0000000084000000,0x0000000084722870,0x0000000089300000)
 Metaspace       used 13827K, capacity 14032K, committed 14336K, reserved 1062912K
  class space    used 1594K, capacity 1672K, committed 1792K, reserved 1048576K
}
Event: 2,614 GC heap before
{Heap before GC invocations=4 (full 0):
 PSYoungGen      total 36864K, used 36832K [0x00000000d6b00000, 0x00000000db300000, 0x0000000100000000)
  eden space 31744K, 100% used [0x00000000d6b00000,0x00000000d8a00000,0x00000000d8a00000)
  from space 5120K, 99% used [0x00000000d8a00000,0x00000000d8ef8020,0x00000000d8f00000)
  to   space 5120K, 0% used [0x00000000dae00000,0x00000000dae00000,0x00000000db300000)
 ParOldGen       total 84992K, used 7306K [0x0000000084000000, 0x0000000089300000, 0x00000000d6b00000)
  object space 84992K, 8% used [0x0000000084000000,0x0000000084722870,0x0000000089300000)
 Metaspace       used 13951K, capacity 14160K, committed 14336K, reserved 1062912K
  class space    used 1598K, capacity 1672K, committed 1792K, reserved 1048576K
Event: 2,627 GC heap after
Heap after GC invocations=4 (full 0):
 PSYoungGen      total 68608K, used 5120K [0x00000000d6b00000, 0x00000000db300000, 0x0000000100000000)
  eden space 63488K, 0% used [0x00000000d6b00000,0x00000000d6b00000,0x00000000da900000)
  from space 5120K, 100% used [0x00000000dae00000,0x00000000db300000,0x00000000db300000)
  to   space 5120K, 0% used [0x00000000da900000,0x00000000da900000,0x00000000dae00000)
 ParOldGen       total 84992K, used 20182K [0x0000000084000000, 0x0000000089300000, 0x00000000d6b00000)
  object space 84992K, 23% used [0x0000000084000000,0x00000000853b58d0,0x0000000089300000)
 Metaspace       used 13951K, capacity 14160K, committed 14336K, reserved 1062912K
  class space    used 1598K, capacity 1672K, committed 1792K, reserved 1048576K
}
Event: 24,851 GC heap before
{Heap before GC invocations=5 (full 0):
 PSYoungGen      total 68608K, used 68608K [0x00000000d6b00000, 0x00000000db300000, 0x0000000100000000)
  eden space 63488K, 100% used [0x00000000d6b00000,0x00000000da900000,0x00000000da900000)
  from space 5120K, 100% used [0x00000000dae00000,0x00000000db300000,0x00000000db300000)
  to   space 5120K, 0% used [0x00000000da900000,0x00000000da900000,0x00000000dae00000)
 ParOldGen       total 84992K, used 20182K [0x0000000084000000, 0x0000000089300000, 0x00000000d6b00000)
  object space 84992K, 23% used [0x0000000084000000,0x00000000853b58d0,0x0000000089300000)
 Metaspace       used 16473K, capacity 16694K, committed 16896K, reserved 1064960K
  class space    used 1938K, capacity 2025K, committed 2048K, reserved 1048576K

